2023-10-10 11:20:47,331 [INFO] Activator:176 - 


2023-10-10 11:20:47,333 [INFO] Activator:177 - !SESSION log4j initialized
2023-10-10 11:20:51,859 [INFO] LogOutputStream:77 - [STDOUT_REDIRECT] 
2023-10-10 11:20:54,416 [INFO] ApplicationProperties:184 - Using Application install path: C:\ST\STM32CubeIDE_1.11.2\STM32CubeIDE\plugins\com.st.stm32cube.common.mx_6.9.1.202307191849
2023-10-10 11:20:54,435 [INFO] DbMcusXml:78 - Set database path to: C:\ST\STM32CubeIDE_1.11.2\STM32CubeIDE\plugins\com.st.stm32cube.common.mx_6.9.1.202307191849\\db\/mcu/
2023-10-10 11:20:54,436 [INFO] ApiDb:274 - Set plugin database path to: C:\ST\STM32CubeIDE_1.11.2\STM32CubeIDE\plugins\com.st.stm32cube.common.mx_6.9.1.202307191849\\db\/plugins/boardmanager/
2023-10-10 11:20:54,436 [WARN] ApiDb:259 - Overriding images path with different value:  => C:\ST\STM32CubeIDE_1.11.2\STM32CubeIDE\plugins\com.st.stm32cube.common.mx_6.9.1.202307191849\\db\/plugins/mcufinder/images/
2023-10-10 11:20:54,455 [INFO] ApiDb:250 - Set database path to: C:\Users\sghute\.stmcufinder\plugins\mcufinder//mcu/
2023-10-10 11:20:54,456 [INFO] DbMcusAds:125 - Set database path to: C:\Users\sghute\.stmcufinder\plugins\mcufinder//mcu/
2023-10-10 11:20:54,458 [INFO] CrossReferenceDbSqlite:203 - Set database path to: C:\Users\sghute\.stmcufinder\plugins\mcufinder//mcu/cs/
2023-10-10 11:20:54,555 [INFO] RulesReader:64 - Compatibility file has been processed (293 Rules)
2023-10-10 11:20:54,674 [INFO] DbMcusXml:78 - Set database path to: C:\ST\STM32CubeIDE_1.11.2\STM32CubeIDE\plugins\com.st.stm32cube.common.mx_6.9.1.202307191849\\db\/mcu/
2023-10-10 11:20:54,674 [INFO] ApiDb:274 - Set plugin database path to: C:\ST\STM32CubeIDE_1.11.2\STM32CubeIDE\plugins\com.st.stm32cube.common.mx_6.9.1.202307191849\\db\/plugins/boardmanager/
2023-10-10 11:20:54,674 [INFO] ApiDb:261 - Set plugin images path to: C:\ST\STM32CubeIDE_1.11.2\STM32CubeIDE\plugins\com.st.stm32cube.common.mx_6.9.1.202307191849\\db\/plugins/mcufinder/images/
2023-10-10 11:20:54,674 [WARN] DbFile:41 - Overriding database path with different value: C:\Users\sghute\.stmcufinder\plugins\mcufinder/ => C:\Users\sghute\.stmcufinder\plugins\mcufinder
2023-10-10 11:20:54,675 [INFO] ApiDb:250 - Set database path to: C:\Users\sghute\.stmcufinder\plugins\mcufinder//mcu/
2023-10-10 11:20:54,675 [WARN] DbFile:41 - Overriding database path with different value: C:\Users\sghute\.stmcufinder\plugins\mcufinder/ => C:\Users\sghute\.stmcufinder\plugins\mcufinder
2023-10-10 11:20:54,675 [INFO] DbMcusAds:125 - Set database path to: C:\Users\sghute\.stmcufinder\plugins\mcufinder//mcu/
2023-10-10 11:20:54,675 [WARN] DbFile:41 - Overriding database path with different value: C:\Users\sghute\.stmcufinder\plugins\mcufinder/ => C:\Users\sghute\.stmcufinder\plugins\mcufinder
2023-10-10 11:20:54,675 [WARN] DbFile:41 - Overriding database path with different value: C:\Users\sghute\.stmcufinder\plugins\mcufinder/ => C:\Users\sghute\.stmcufinder\plugins\mcufinder
2023-10-10 11:20:54,675 [INFO] CrossReferenceDbSqlite:203 - Set database path to: C:\Users\sghute\.stmcufinder\plugins\mcufinder//mcu/cs/
2023-10-10 11:20:54,780 [INFO] MainPanel:262 - HeapMemory: 268435456
2023-10-10 11:20:54,890 [INFO] DbMcusXml:78 - Set database path to: C:\ST\STM32CubeIDE_1.11.2\STM32CubeIDE\plugins\com.st.stm32cube.common.mx_6.9.1.202307191849\\db\/mcu/
2023-10-10 11:20:54,891 [INFO] ApiDb:274 - Set plugin database path to: C:\ST\STM32CubeIDE_1.11.2\STM32CubeIDE\plugins\com.st.stm32cube.common.mx_6.9.1.202307191849\\db\/plugins/boardmanager/
2023-10-10 11:20:54,891 [INFO] ApiDb:261 - Set plugin images path to: C:\ST\STM32CubeIDE_1.11.2\STM32CubeIDE\plugins\com.st.stm32cube.common.mx_6.9.1.202307191849\\db\/plugins/mcufinder/images/
2023-10-10 11:20:54,891 [WARN] DbFile:41 - Overriding database path with different value: C:\Users\sghute\.stmcufinder\plugins\mcufinder/ => C:\Users\sghute\.stmcufinder\plugins\mcufinder
2023-10-10 11:20:54,891 [INFO] ApiDb:250 - Set database path to: C:\Users\sghute\.stmcufinder\plugins\mcufinder//mcu/
2023-10-10 11:20:54,892 [WARN] DbFile:41 - Overriding database path with different value: C:\Users\sghute\.stmcufinder\plugins\mcufinder/ => C:\Users\sghute\.stmcufinder\plugins\mcufinder
2023-10-10 11:20:54,892 [INFO] DbMcusAds:125 - Set database path to: C:\Users\sghute\.stmcufinder\plugins\mcufinder//mcu/
2023-10-10 11:20:54,892 [WARN] DbFile:41 - Overriding database path with different value: C:\Users\sghute\.stmcufinder\plugins\mcufinder/ => C:\Users\sghute\.stmcufinder\plugins\mcufinder
2023-10-10 11:20:54,892 [WARN] DbFile:41 - Overriding database path with different value: C:\Users\sghute\.stmcufinder\plugins\mcufinder/ => C:\Users\sghute\.stmcufinder\plugins\mcufinder
2023-10-10 11:20:54,892 [INFO] CrossReferenceDbSqlite:203 - Set database path to: C:\Users\sghute\.stmcufinder\plugins\mcufinder//mcu/cs/
2023-10-10 11:20:54,915 [INFO] ApplicationProperties:184 - Using Application install path: C:\ST\STM32CubeIDE_1.11.2\STM32CubeIDE\plugins\com.st.stm32cube.common.mx_6.9.1.202307191849
2023-10-10 11:20:54,917 [INFO] PluginManage:196 - Search for loadable plugins [exclusion list=, ]
2023-10-10 11:20:54,919 [INFO] PluginManage:310 - Check plugin analytics
2023-10-10 11:20:55,125 [INFO] AnalyticsPlugin:253 - Accepted Software Licenses: 
2023-10-10 11:20:55,125 [INFO] AnalyticsPlugin:255 - Accepted CMSIS Pack Licenses: 
2023-10-10 11:20:55,126 [INFO] AnalyticsPlugin:257 - Accepted Firmware Licenses: 
2023-10-10 11:20:55,134 [INFO] PluginManage:359 - Loaded plugin analytics (category:tool,tabindex:-1)
2023-10-10 11:20:55,134 [INFO] PluginManage:310 - Check plugin cadmodel
2023-10-10 11:20:55,142 [INFO] CADModel:105 - Init CAD model plugin
2023-10-10 11:20:55,142 [INFO] PluginManage:359 - Loaded plugin cadmodel (category:power,tabindex:5)
2023-10-10 11:20:55,143 [INFO] PluginManage:310 - Check plugin clock
2023-10-10 11:20:55,154 [INFO] PluginManage:359 - Loaded plugin clock (category:base,tabindex:2)
2023-10-10 11:20:55,154 [INFO] PluginManage:310 - Check plugin ddr
2023-10-10 11:20:55,158 [INFO] PluginManage:359 - Loaded plugin ddr (category:tool,tabindex:6)
2023-10-10 11:20:55,159 [INFO] PluginManage:310 - Check plugin filemanager
2023-10-10 11:20:55,355 [INFO] PluginManage:359 - Loaded plugin filemanager (category:base,tabindex:10)
2023-10-10 11:20:55,355 [INFO] PluginManage:310 - Check plugin ipmanager
2023-10-10 11:20:55,367 [INFO] PluginManage:359 - Loaded plugin ipmanager (category:base,tabindex:5)
2023-10-10 11:20:55,367 [INFO] PluginManage:310 - Check plugin lpbam
2023-10-10 11:20:55,377 [INFO] PluginManage:359 - Loaded plugin lpbam (category:base,tabindex:0)
2023-10-10 11:20:55,377 [INFO] PluginManage:310 - Check plugin memorymap
2023-10-10 11:20:55,393 [INFO] PluginManage:359 - Loaded plugin memorymap (category:base,tabindex:4)
2023-10-10 11:20:55,393 [INFO] PluginManage:310 - Check plugin pinoutandconfiguration
2023-10-10 11:20:55,427 [INFO] PluginManage:359 - Loaded plugin pinoutandconfiguration (category:base,tabindex:1)
2023-10-10 11:20:55,427 [INFO] PluginManage:310 - Check plugin pinoutconfig
2023-10-10 11:20:55,535 [WARN] SupportedApi:132 - Cannot load RTOS API schema: s4s-elt-must-match.1: The content of 'definitions' must match (annotation?, (simpleType | complexType)?, (unique | key | keyref)*)). A problem was found starting at: attribute.
2023-10-10 11:20:55,697 [INFO] PluginManage:359 - Loaded plugin pinoutconfig (category:base,tabindex:0)
2023-10-10 11:20:55,698 [INFO] PluginManage:310 - Check plugin power
2023-10-10 11:20:55,712 [INFO] PluginManage:359 - Loaded plugin power (category:power,tabindex:4)
2023-10-10 11:20:55,713 [INFO] PluginManage:310 - Check plugin projectmanager
2023-10-10 11:20:55,729 [INFO] PluginManage:359 - Loaded plugin projectmanager (category:projectmanager,tabindex:3)
2023-10-10 11:20:55,729 [INFO] PluginManage:310 - Check plugin thirdparty
2023-10-10 11:20:55,939 [WARN] IntegrityCheckThread:84 - waiting for thirdparty lock release [integrity check]
2023-10-10 11:20:55,939 [INFO] PluginManage:359 - Loaded plugin thirdparty (category:base,tabindex:-1)
2023-10-10 11:20:55,940 [INFO] IntegrityCheckThread:86 - entering critical section [integrity check]
2023-10-10 11:20:55,940 [INFO] PluginManage:310 - Check plugin tools
2023-10-10 11:20:55,940 [INFO] ThirdPartyUpdaterWithRetryManager:70 - Updater plugin not ready yet. [1/15]
2023-10-10 11:20:55,943 [INFO] PluginManage:359 - Loaded plugin tools (category:base,tabindex:7)
2023-10-10 11:20:55,943 [INFO] PluginManage:310 - Check plugin tutovideos
2023-10-10 11:20:56,120 [INFO] PluginManage:359 - Loaded plugin tutovideos (category:base,tabindex:-1)
2023-10-10 11:20:56,120 [INFO] PluginManage:310 - Check plugin updater
2023-10-10 11:20:56,135 [INFO] PluginManage:359 - Loaded plugin updater (category:base,tabindex:12)
2023-10-10 11:20:56,135 [INFO] PluginManage:310 - Check plugin userauth
2023-10-10 11:20:56,142 [INFO] UserAuth:113 - Init User Auth plugin
2023-10-10 11:20:56,142 [INFO] PluginManage:359 - Loaded plugin userauth (category:base,tabindex:14)
2023-10-10 11:20:56,143 [INFO] PluginManage:283 - PluginManage : Loaded plugins [17]
2023-10-10 11:20:56,424 [INFO] PinOutPanel:1499 - setPackage(No Configuration,No Configuration)
2023-10-10 11:20:56,564 [INFO] CADModel:165 - CPN selected for project level
2023-10-10 11:20:56,565 [INFO] CADModel:114 - Register for checkConnection events
2023-10-10 11:20:56,584 [INFO] IPUIPlugin:80 - create IPUIPlugin
2023-10-10 11:20:56,584 [INFO] PluginManager:220 - loadIPPluginJar : add adc
2023-10-10 11:20:56,588 [INFO] IPUIPlugin:80 - create IPUIPlugin
2023-10-10 11:20:56,588 [INFO] PluginManager:220 - loadIPPluginJar : add aes
2023-10-10 11:20:56,592 [INFO] IPUIPlugin:80 - create IPUIPlugin
2023-10-10 11:20:56,592 [INFO] PluginManager:220 - loadIPPluginJar : add can
2023-10-10 11:20:56,594 [INFO] IPUIPlugin:80 - create IPUIPlugin
2023-10-10 11:20:56,595 [INFO] PluginManager:220 - loadIPPluginJar : add comp
2023-10-10 11:20:56,599 [INFO] IPUIPlugin:80 - create IPUIPlugin
2023-10-10 11:20:56,599 [INFO] PluginManager:220 - loadIPPluginJar : add cryp
2023-10-10 11:20:56,602 [INFO] IPUIPlugin:80 - create IPUIPlugin
2023-10-10 11:20:56,602 [INFO] PluginManager:220 - loadIPPluginJar : add dfsdm
2023-10-10 11:20:56,609 [INFO] IPUIPlugin:80 - create IPUIPlugin
2023-10-10 11:20:56,609 [INFO] PluginManager:220 - loadIPPluginJar : add dma
2023-10-10 11:20:56,612 [INFO] IPUIPlugin:80 - create IPUIPlugin
2023-10-10 11:20:56,613 [INFO] PluginManager:220 - loadIPPluginJar : add dma3
2023-10-10 11:20:56,614 [INFO] IPUIPlugin:80 - create IPUIPlugin
2023-10-10 11:20:56,615 [INFO] PluginManager:220 - loadIPPluginJar : add fatfs
2023-10-10 11:20:56,621 [INFO] IPUIPlugin:80 - create IPUIPlugin
2023-10-10 11:20:56,621 [INFO] PluginManager:220 - loadIPPluginJar : add fmc
2023-10-10 11:20:56,628 [INFO] IPUIPlugin:80 - create IPUIPlugin
2023-10-10 11:20:56,628 [INFO] PluginManager:220 - loadIPPluginJar : add freertos
2023-10-10 11:20:56,630 [INFO] IPUIPlugin:80 - create IPUIPlugin
2023-10-10 11:20:56,630 [INFO] PluginManager:220 - loadIPPluginJar : add genericplugin
2023-10-10 11:20:56,633 [INFO] IPUIPlugin:80 - create IPUIPlugin
2023-10-10 11:20:56,634 [INFO] PluginManager:220 - loadIPPluginJar : add gfxmmu
2023-10-10 11:20:56,639 [INFO] IPUIPlugin:80 - create IPUIPlugin
2023-10-10 11:20:56,639 [INFO] PluginManager:220 - loadIPPluginJar : add gic
2023-10-10 11:20:56,644 [INFO] IPUIPlugin:80 - create IPUIPlugin
2023-10-10 11:20:56,644 [INFO] PluginManager:220 - loadIPPluginJar : add gpio
2023-10-10 11:20:56,647 [INFO] IPUIPlugin:80 - create IPUIPlugin
2023-10-10 11:20:56,648 [INFO] PluginManager:220 - loadIPPluginJar : add gtzc
2023-10-10 11:20:56,651 [INFO] IPUIPlugin:80 - create IPUIPlugin
2023-10-10 11:20:56,651 [INFO] PluginManager:220 - loadIPPluginJar : add hash
2023-10-10 11:20:56,654 [INFO] IPUIPlugin:80 - create IPUIPlugin
2023-10-10 11:20:56,654 [INFO] PluginManager:220 - loadIPPluginJar : add i2c
2023-10-10 11:20:56,657 [INFO] IPUIPlugin:80 - create IPUIPlugin
2023-10-10 11:20:56,657 [INFO] PluginManager:220 - loadIPPluginJar : add i2s
2023-10-10 11:20:56,661 [INFO] IPUIPlugin:80 - create IPUIPlugin
2023-10-10 11:20:56,661 [INFO] PluginManager:220 - loadIPPluginJar : add i3c
2023-10-10 11:20:56,664 [INFO] IPUIPlugin:80 - create IPUIPlugin
2023-10-10 11:20:56,665 [INFO] PluginManager:220 - loadIPPluginJar : add ipddr
2023-10-10 11:20:56,673 [INFO] IPUIPlugin:80 - create IPUIPlugin
2023-10-10 11:20:56,673 [INFO] PluginManager:220 - loadIPPluginJar : add linkedlist
2023-10-10 11:20:56,676 [INFO] IPUIPlugin:80 - create IPUIPlugin
2023-10-10 11:20:56,676 [INFO] PluginManager:220 - loadIPPluginJar : add lorawan
2023-10-10 11:20:56,678 [INFO] IPUIPlugin:80 - create IPUIPlugin
2023-10-10 11:20:56,678 [INFO] PluginManager:220 - loadIPPluginJar : add ltdc
2023-10-10 11:20:56,684 [INFO] IPUIPlugin:80 - create IPUIPlugin
2023-10-10 11:20:56,685 [INFO] PluginManager:220 - loadIPPluginJar : add mdma
2023-10-10 11:20:56,689 [INFO] IPUIPlugin:80 - create IPUIPlugin
2023-10-10 11:20:56,689 [INFO] PluginManager:220 - loadIPPluginJar : add nvic
2023-10-10 11:20:56,692 [INFO] IPUIPlugin:80 - create IPUIPlugin
2023-10-10 11:20:56,692 [INFO] PluginManager:220 - loadIPPluginJar : add opamp
2023-10-10 11:20:56,695 [INFO] IPUIPlugin:80 - create IPUIPlugin
2023-10-10 11:20:56,696 [INFO] PluginManager:220 - loadIPPluginJar : add openamp
2023-10-10 11:20:56,699 [INFO] IPUIPlugin:80 - create IPUIPlugin
2023-10-10 11:20:56,699 [INFO] PluginManager:220 - loadIPPluginJar : add pdm2pcm
2023-10-10 11:20:56,708 [INFO] IPUIPlugin:80 - create IPUIPlugin
2023-10-10 11:20:56,712 [INFO] PluginManager:220 - loadIPPluginJar : add plateformsettings
2023-10-10 11:20:56,730 [INFO] IPUIPlugin:80 - create IPUIPlugin
2023-10-10 11:20:56,730 [INFO] PluginManager:220 - loadIPPluginJar : add quadspi
2023-10-10 11:20:56,737 [INFO] IPUIPlugin:80 - create IPUIPlugin
2023-10-10 11:20:56,737 [INFO] PluginManager:220 - loadIPPluginJar : add resmgrutility
2023-10-10 11:20:56,741 [INFO] IPUIPlugin:80 - create IPUIPlugin
2023-10-10 11:20:56,741 [INFO] PluginManager:220 - loadIPPluginJar : add sai
2023-10-10 11:20:56,744 [INFO] IPUIPlugin:80 - create IPUIPlugin
2023-10-10 11:20:56,744 [INFO] PluginManager:220 - loadIPPluginJar : add spi
2023-10-10 11:20:56,749 [INFO] IPUIPlugin:80 - create IPUIPlugin
2023-10-10 11:20:56,749 [INFO] PluginManager:220 - loadIPPluginJar : add stm32_wpan
2023-10-10 11:20:56,752 [INFO] IPUIPlugin:80 - create IPUIPlugin
2023-10-10 11:20:56,752 [INFO] PluginManager:220 - loadIPPluginJar : add tim
2023-10-10 11:20:56,756 [INFO] IPUIPlugin:80 - create IPUIPlugin
2023-10-10 11:20:56,756 [INFO] PluginManager:220 - loadIPPluginJar : add touchsensing
2023-10-10 11:20:56,759 [INFO] IPUIPlugin:80 - create IPUIPlugin
2023-10-10 11:20:56,759 [INFO] PluginManager:220 - loadIPPluginJar : add tracer_emb
2023-10-10 11:20:56,761 [INFO] IPUIPlugin:80 - create IPUIPlugin
2023-10-10 11:20:56,762 [INFO] PluginManager:220 - loadIPPluginJar : add ts
2023-10-10 11:20:56,764 [INFO] IPUIPlugin:80 - create IPUIPlugin
2023-10-10 11:20:56,764 [INFO] PluginManager:220 - loadIPPluginJar : add tsc
2023-10-10 11:20:56,766 [INFO] IPUIPlugin:80 - create IPUIPlugin
2023-10-10 11:20:56,767 [INFO] PluginManager:220 - loadIPPluginJar : add ucpd
2023-10-10 11:20:56,771 [INFO] IPUIPlugin:80 - create IPUIPlugin
2023-10-10 11:20:56,771 [INFO] PluginManager:220 - loadIPPluginJar : add usart
2023-10-10 11:20:56,774 [INFO] IPUIPlugin:80 - create IPUIPlugin
2023-10-10 11:20:56,774 [INFO] PluginManager:220 - loadIPPluginJar : add usbx
2023-10-10 11:20:56,897 [INFO] CADModel:165 - CPN selected for project level
2023-10-10 11:20:56,897 [INFO] CADModel:114 - Register for checkConnection events
2023-10-10 11:20:56,898 [FATAL] Updater:308 - Updater called before beeing initialized
2023-10-10 11:20:56,898 [ERROR] CADModel:125 - Updater not yet initialized, retry later 
2023-10-10 11:20:57,040 [INFO] CADModel:165 - CPN selected for project level
2023-10-10 11:20:57,040 [INFO] CADModel:114 - Register for checkConnection events
2023-10-10 11:20:57,040 [FATAL] Updater:308 - Updater called before beeing initialized
2023-10-10 11:20:57,040 [ERROR] CADModel:125 - Updater not yet initialized, retry later 
2023-10-10 11:20:57,044 [FATAL] Updater:308 - Updater called before beeing initialized
2023-10-10 11:20:57,169 [FATAL] Updater:308 - Updater called before beeing initialized
2023-10-10 11:20:57,175 [INFO] DbMcusAds:53 - JSON generation date=Thu Sep 30 12:25:09 IST 2021 (1632984909247)
2023-10-10 11:20:57,175 [FATAL] Updater:308 - Updater called before beeing initialized
2023-10-10 11:20:57,219 [WARN] DetailPanel:346 - Failed to get advertising image, set to default
2023-10-10 11:20:57,314 [FATAL] Updater:308 - Updater called before beeing initialized
2023-10-10 11:20:57,316 [FATAL] Updater:308 - Updater called before beeing initialized
2023-10-10 11:20:57,316 [FATAL] Updater:308 - Updater called before beeing initialized
2023-10-10 11:20:57,316 [WARN] DetailPanel:346 - Failed to get advertising image, set to default
2023-10-10 11:20:57,317 [FATAL] Updater:308 - Updater called before beeing initialized
2023-10-10 11:20:57,365 [ERROR] Updater:1120 - MainUpdater not yet initialized. External WinMGr cannot be set.
2023-10-10 11:20:57,369 [INFO] Updater:1056 - Updater Version found : 6.9.1
2023-10-10 11:20:57,390 [INFO] ApplicationProperties:184 - Using Application install path: C:\ST\STM32CubeIDE_1.11.2\STM32CubeIDE\plugins\com.st.stm32cube.common.mx_6.9.1.202307191849
2023-10-10 11:20:57,752 [INFO] MainUpdater:2868 - connection check result : 10
2023-10-10 11:20:57,754 [INFO] MainUpdater:285 - Updater Check For Update Now.
2023-10-10 11:20:57,754 [INFO] MicroXplorer:498 - Change Database Version : DB.6.0.91
2023-10-10 11:20:57,763 [INFO] McuFinderGlobals:63 - Set McuFinder mode to 2 (CubeIDE integrated)
2023-10-10 11:20:57,763 [INFO] UserAuth:179 - activating auth plugin
2023-10-10 11:20:57,766 [INFO] UserAuth:393 - Internet connection configuration mode: 1
2023-10-10 11:20:57,795 [INFO] JxBrowserEngine:151 - Initiate JxBrowser Engine with user profile folder
2023-10-10 11:20:57,922 [INFO] CheckServerUpdateThread:120 - End of CheckServer Thread
2023-10-10 11:20:59,174 [WARN] PackLoader:240 - Cannot read IP mode file for STMicroelectronics.X-CUBE-SMBUS.2.1.0
2023-10-10 11:20:59,218 [WARN] PackLoader:240 - Cannot read IP mode file for STMicroelectronics.X-CUBE-AZRTOS-F7.1.1.0
2023-10-10 11:20:59,248 [WARN] PackLoader:240 - Cannot read IP mode file for STMicroelectronics.FP-SNS-MOTENV1.4.3.2
2023-10-10 11:20:59,259 [WARN] PackLoader:240 - Cannot read IP mode file for STMicroelectronics.FP-SNS-FLIGHT1.5.0.2
2023-10-10 11:20:59,274 [WARN] PackLoader:240 - Cannot read IP mode file for STMicroelectronics.X-CUBE-DISPLAY.3.0.0
2023-10-10 11:20:59,339 [WARN] PackLoader:240 - Cannot read IP mode file for STMicroelectronics.X-CUBE-BLE1.7.0.0
2023-10-10 11:20:59,348 [WARN] PackLoader:240 - Cannot read IP mode file for emotas.I-CUBE-CANOPEN.1.3.0
2023-10-10 11:20:59,358 [WARN] PackLoader:240 - Cannot read IP mode file for STMicroelectronics.X-CUBE-TOUCHGFX.4.22.0
2023-10-10 11:20:59,364 [WARN] PackLoader:240 - Cannot read IP mode file for STMicroelectronics.X-CUBE-TOUCHGFX.4.22.1
2023-10-10 11:20:59,373 [WARN] PackLoader:240 - Cannot read IP mode file for STMicroelectronics.FP-SNS-SMARTAG2.1.2.0
2023-10-10 11:20:59,386 [INFO] LogOutputStream:77 - [STDOUT_REDIRECT] 1 : Invalid condition id : UX_CORESTACK_Condition cause : null
2023-10-10 11:20:59,387 [INFO] LogOutputStream:77 - [STDOUT_REDIRECT] 1 : Invalid condition id : UX_CORESTACK_Condition cause : null
2023-10-10 11:20:59,388 [INFO] LogOutputStream:77 - [STDOUT_REDIRECT] 1 : Invalid condition id : UX_CORESTACK_Condition cause : null
2023-10-10 11:20:59,389 [INFO] LogOutputStream:77 - [STDOUT_REDIRECT] 1 : Invalid condition id : UX_CORESTACK_Condition cause : null
2023-10-10 11:20:59,391 [INFO] LogOutputStream:77 - [STDOUT_REDIRECT] 1 : Invalid condition id : UX_CORESTACK_Condition cause : null
2023-10-10 11:20:59,395 [WARN] PackLoader:240 - Cannot read IP mode file for STMicroelectronics.X-CUBE-AZRTOS-WL.2.0.0
2023-10-10 11:20:59,408 [WARN] PackLoader:240 - Cannot read IP mode file for WES.I-CUBE-Cesium.1.3.0
2023-10-10 11:20:59,416 [WARN] PackLoader:240 - Cannot read IP mode file for STMicroelectronics.X-CUBE-BLE2.3.3.0
2023-10-10 11:20:59,428 [WARN] PackLoader:240 - Cannot read IP mode file for STMicroelectronics.X-CUBE-ALGOBUILD.1.3.0
2023-10-10 11:20:59,449 [WARN] PackLoader:240 - Cannot read IP mode file for STMicroelectronics.X-CUBE-AZRTOS-G0.1.1.0
2023-10-10 11:20:59,463 [WARN] PackLoader:240 - Cannot read IP mode file for STMicroelectronics.X-CUBE-NFC4.3.0.0
2023-10-10 11:20:59,472 [WARN] PackLoader:240 - Cannot read IP mode file for STMicroelectronics.FP-ATR-SIGFOX1.3.2.0
2023-10-10 11:20:59,534 [WARN] PackLoader:240 - Cannot read IP mode file for SEGGER.I-CUBE-embOS.1.3.1
2023-10-10 11:20:59,583 [WARN] PackLoader:240 - Cannot read IP mode file for STMicroelectronics.X-CUBE-GNSS1.6.0.0
2023-10-10 11:20:59,603 [WARN] PackLoader:240 - Cannot read IP mode file for STMicroelectronics.X-CUBE-AZRTOS-F4.1.1.0
2023-10-10 11:20:59,614 [WARN] PackLoader:240 - Cannot read IP mode file for wolfSSL.I-CUBE-wolfSSL.5.6.3
2023-10-10 11:20:59,634 [WARN] PackLoader:240 - Cannot read IP mode file for STMicroelectronics.X-CUBE-AZRTOS-L5.2.0.0
2023-10-10 11:20:59,681 [WARN] PackLoader:240 - Cannot read IP mode file for STMicroelectronics.X-CUBE-MEMS1.9.6.0
2023-10-10 11:20:59,875 [WARN] PackLoader:240 - Cannot read IP mode file for ITTIA_DB.I-CUBE-ITTIADB.8.8.0
2023-10-10 11:20:59,887 [WARN] PackLoader:240 - Cannot read IP mode file for STMicroelectronics.X-CUBE-BLEMGR.2.0.0
2023-10-10 11:20:59,912 [WARN] ConditionMgr:438 - getConditionDescription Invalid condition id : UX DEVICE CLASS RTOS Condition cause : null
2023-10-10 11:20:59,913 [WARN] ConditionMgr:438 - getConditionDescription Invalid condition id : UX DEVICE CLASS RTOS Condition cause : null
2023-10-10 11:20:59,917 [WARN] PackLoader:240 - Cannot read IP mode file for STMicroelectronics.X-CUBE-AZRTOS-H7.3.1.0
2023-10-10 11:20:59,918 [WARN] ConditionMgr:1039 - genDependencies : Invalid condition id : UX DEVICE CLASS RTOS Condition cause : null
2023-10-10 11:20:59,919 [WARN] ConditionMgr:1039 - genDependencies : Invalid condition id : UX DEVICE CLASS RTOS Condition cause : null
2023-10-10 11:20:59,920 [WARN] ConditionMgr:1039 - genDependencies : Invalid condition id : UX DEVICE CLASS RTOS Condition cause : null
2023-10-10 11:20:59,920 [WARN] ConditionMgr:1039 - genDependencies : Invalid condition id : UX DEVICE CLASS RTOS Condition cause : null
2023-10-10 11:20:59,920 [WARN] ConditionMgr:1039 - genDependencies : Invalid condition id : UX DEVICE CLASS RTOS Condition cause : null
2023-10-10 11:20:59,931 [WARN] PackLoader:240 - Cannot read IP mode file for STMicroelectronics.X-CUBE-NFC7.1.0.1
2023-10-10 11:20:59,943 [WARN] PackLoader:240 - Cannot read IP mode file for STMicroelectronics.X-CUBE-NFC6.3.0.0
2023-10-10 11:20:59,953 [WARN] PackLoader:240 - Cannot read IP mode file for STMicroelectronics.X-CUBE-EEPRMA1.4.1.0
2023-10-10 11:20:59,962 [WARN] PackLoader:240 - Cannot read IP mode file for STMicroelectronics.X-CUBE-AI.8.1.0
2023-10-10 11:20:59,985 [WARN] ConditionMgr:438 - getConditionDescription Invalid condition id : LAN8742 Phy interface Condition cause : null
2023-10-10 11:20:59,986 [WARN] PackLoader:240 - Cannot read IP mode file for STMicroelectronics.X-CUBE-AZRTOS-L4.2.0.0
2023-10-10 11:20:59,987 [WARN] ConditionMgr:1039 - genDependencies : Invalid condition id : LAN8742 Phy interface Condition cause : null
2023-10-10 11:20:59,988 [WARN] ConditionMgr:1039 - genDependencies : Invalid condition id : LAN8742 Phy interface Condition cause : null
2023-10-10 11:20:59,988 [WARN] ConditionMgr:1039 - genDependencies : Invalid condition id : LAN8742 Phy interface Condition cause : null
2023-10-10 11:21:00,000 [WARN] PackLoader:240 - Cannot read IP mode file for STMicroelectronics.X-CUBE-SFXS2LP1.4.0.0
2023-10-10 11:21:00,011 [WARN] PackLoader:240 - Cannot read IP mode file for STMicroelectronics.X-CUBE-ISPU.1.1.0
2023-10-10 11:21:00,028 [WARN] ConditionMgr:438 - getConditionDescription Invalid condition id : UX DEVICE CLASS RTOS Condition cause : null
2023-10-10 11:21:00,029 [WARN] ConditionMgr:438 - getConditionDescription Invalid condition id : UX DEVICE CLASS RTOS Condition cause : null
2023-10-10 11:21:00,031 [WARN] PackLoader:240 - Cannot read IP mode file for STMicroelectronics.X-CUBE-AZRTOS-WB.2.0.0
2023-10-10 11:21:00,032 [WARN] ConditionMgr:1039 - genDependencies : Invalid condition id : UX DEVICE CLASS RTOS Condition cause : null
2023-10-10 11:21:00,032 [WARN] ConditionMgr:1039 - genDependencies : Invalid condition id : UX DEVICE CLASS RTOS Condition cause : null
2023-10-10 11:21:00,033 [WARN] ConditionMgr:1039 - genDependencies : Invalid condition id : UX DEVICE CLASS RTOS Condition cause : null
2023-10-10 11:21:00,033 [WARN] ConditionMgr:1039 - genDependencies : Invalid condition id : UX DEVICE CLASS RTOS Condition cause : null
2023-10-10 11:21:00,034 [WARN] ConditionMgr:1039 - genDependencies : Invalid condition id : UX DEVICE CLASS RTOS Condition cause : null
2023-10-10 11:21:00,049 [WARN] PackLoader:240 - Cannot read IP mode file for STMicroelectronics.X-CUBE-SUBG2.5.0.0
2023-10-10 11:21:00,077 [WARN] PackLoader:240 - Cannot read IP mode file for STMicroelectronics.X-CUBE-TOF1.3.3.1
2023-10-10 11:21:00,204 [WARN] PackLoader:240 - Cannot read IP mode file for STMicroelectronics.X-CUBE-AZRTOS-G4.2.0.0
2023-10-10 11:21:00,222 [WARN] PackLoader:240 - Cannot read IP mode file for Infineon.AIROC-Wi-Fi-Bluetooth-STM32.1.5.1
2023-10-10 11:21:00,234 [WARN] PackLoader:240 - Cannot read IP mode file for STMicroelectronics.X-CUBE-FREERTOS.1.1.0
2023-10-10 11:21:00,242 [INFO] WebApp:157 - Instantiating new browser for Auth
2023-10-10 11:21:00,244 [WARN] PackLoader:240 - Cannot read IP mode file for portGmbH.I-Cube-SoM-uGOAL.1.1.0
2023-10-10 11:21:00,251 [WARN] PackLoader:240 - Cannot read IP mode file for STMicroelectronics.X-CUBE-ALS.1.0.1
2023-10-10 11:21:00,260 [WARN] PackLoader:240 - Cannot read IP mode file for STMicroelectronics.FP-ATR-ASTRA1.2.0.0
2023-10-10 11:21:00,261 [INFO] ThirdParty:978 - Integrity check success = true
2023-10-10 11:21:00,261 [INFO] IntegrityCheckThread:100 - exiting critical section [integrity check]
2023-10-10 11:21:00,261 [INFO] IntegrityCheckThread:103 - End integrity checks thread
2023-10-10 11:21:01,116 [INFO] WebApp:753 - Register for checkConnection events
2023-10-10 11:21:01,116 [INFO] WebApp:390 - Apply proxy settings
2023-10-10 11:21:01,117 [INFO] WebApp:475 - Chromium requires no authentication
2023-10-10 11:21:01,127 [INFO] WebApp:418 - Direct internet connection detected
2023-10-10 11:21:01,291 [INFO] WebApp:188 - Starting web application
2023-10-10 11:21:01,291 [INFO] WebApp:520 - Web application path used C:\ST\STM32CubeIDE_1.11.2\STM32CubeIDE\plugins\com.st.stm32cube.common.mx_6.9.1.202307191849\db\plugins\mcufinder\reactClient1\index.html
